<?xml version="1.0" encoding="UTF-8"?>
<testsuite xmlns:xsi="http://www.w3.org/2001/XMLSchema-instance" xsi:noNamespaceSchemaLocation="https://maven.apache.org/surefire/maven-surefire-plugin/xsd/surefire-test-report-3.0.xsd" version="3.0" name="nl.naturalis.common.OptionalMethodsTest" time="0.002" tests="7" errors="0" skipped="0" failures="0">
  <properties>
[...]
</properties>
  <testcase name="widen_01" classname="nl.naturalis.common.OptionalMethodsTest" time="0"/>
  <testcase name="widen_02" classname="nl.naturalis.common.OptionalMethodsTest" time="0"/>
  <testcase name="narrow_02a" classname="nl.naturalis.common.OptionalMethodsTest" time="0"/>
  <testcase name="narrow_02b" classname="nl.naturalis.common.OptionalMethodsTest" time="0"/>
  <testcase name="narrowContent_01" classname="nl.naturalis.common.OptionalMethodsTest" time="0"/>
  <testcase name="narrow_01" classname="nl.naturalis.common.OptionalMethodsTest" time="0"/>
  <testcase name="narrow_03" classname="nl.naturalis.common.OptionalMethodsTest" time="0"/>
</testsuite>